2019-05-30 14:45:28,397 - DEBUG -  Login[line:28] - 执行用例：用户名为空，密码正确
2019-05-30 14:45:33,839 - DEBUG -  Login[line:41] - test01执行结果：成功
2019-05-30 14:45:37,493 - DEBUG -  Login[line:48] - 执行用例：用户名31位，判断最多输入30位
2019-05-30 14:45:39,874 - DEBUG -  Login[line:57] - test02执行结果：成功
2019-05-30 14:45:43,451 - DEBUG -  Login[line:63] - 执行用例：用户名30位，判断最多输入30位
2019-05-30 14:45:45,769 - DEBUG -  Login[line:72] - test03执行结果：成功
2019-05-30 14:45:49,319 - DEBUG -  Login[line:78] - 执行用例：用户名前有空格
2019-05-30 14:45:54,740 - DEBUG -  Login[line:92] - test04执行结果：成功
2019-05-30 14:45:59,174 - DEBUG -  Login[line:98] - 执行用例：用户名后有空格
2019-05-30 14:46:07,885 - DEBUG -  Login[line:122] - 执行用例：用户名中间有空格
2019-05-30 14:46:13,334 - DEBUG -  Login[line:137] - test06执行结果：成功
2019-05-30 14:46:20,029 - DEBUG -  Login[line:144] - 执行用例：密码为空
2019-05-30 14:46:25,414 - DEBUG -  Login[line:159] - test07执行结果：成功
2019-05-30 14:46:32,283 - DEBUG -  Login[line:166] - 执行用例：密码错误
2019-05-30 14:46:37,755 - DEBUG -  Login[line:181] - test08执行结果：成功
2019-05-30 14:46:41,196 - DEBUG -  Login[line:187] - 执行用例：密码输入21位
2019-05-30 14:46:43,459 - DEBUG -  Login[line:195] - test09执行结果：成功
2019-05-30 14:46:47,512 - DEBUG -  Login[line:202] - 执行用例：密码输入20位
2019-05-30 14:46:49,747 - DEBUG -  Login[line:210] - test10执行结果：成功
2019-05-30 14:46:54,364 - DEBUG -  Login[line:218] - 执行用例：用户名正确，密码正确
2019-05-30 14:47:11,855 - DEBUG -  Login[line:232] - test11执行结果：成功
