2019-05-30 14:04:09,983 - DEBUG -  Login[line:28] - 执行用例：用户名为空，密码正确
2019-05-30 14:04:15,463 - DEBUG -  Login[line:41] - test01执行结果：成功
2019-05-30 14:04:18,966 - DEBUG -  Login[line:48] - 执行用例：用户名31位，判断最多输入30位
2019-05-30 14:04:21,292 - DEBUG -  Login[line:57] - test02执行结果：成功
2019-05-30 14:04:24,694 - DEBUG -  Login[line:63] - 执行用例：用户名30位，判断最多输入30位
2019-05-30 14:04:27,038 - DEBUG -  Login[line:72] - test03执行结果：成功
2019-05-30 14:04:30,752 - DEBUG -  Login[line:78] - 执行用例：用户名前有空格
2019-05-30 14:04:36,273 - DEBUG -  Login[line:92] - test04执行结果：成功
2019-05-30 14:04:41,598 - DEBUG -  Login[line:98] - 执行用例：用户名后有空格
2019-05-30 14:04:50,440 - DEBUG -  Login[line:122] - 执行用例：用户名中间有空格
2019-05-30 14:04:55,861 - DEBUG -  Login[line:137] - test06执行结果：成功
2019-05-30 14:04:59,236 - DEBUG -  Login[line:144] - 执行用例：密码为空
2019-05-30 14:05:04,678 - DEBUG -  Login[line:159] - test07执行结果：成功
2019-05-30 14:05:08,174 - DEBUG -  Login[line:166] - 执行用例：密码错误
2019-05-30 14:05:13,596 - DEBUG -  Login[line:181] - test08执行结果：成功
2019-05-30 14:05:17,085 - DEBUG -  Login[line:187] - 执行用例：密码输入21位
2019-05-30 14:05:19,334 - DEBUG -  Login[line:195] - test09执行结果：成功
2019-05-30 14:05:23,079 - DEBUG -  Login[line:202] - 执行用例：密码输入20位
2019-05-30 14:05:25,325 - DEBUG -  Login[line:210] - test10执行结果：成功
2019-05-30 14:05:28,986 - DEBUG -  Login[line:218] - 执行用例：用户名正确，密码正确
2019-05-30 14:05:32,397 - DEBUG -  Login[line:232] - test11执行结果：成功
