2019-05-30 11:48:06,115 - DEBUG -  Login[line:28] - 执行用例：用户名为空，密码正确
2019-05-30 11:48:11,549 - DEBUG -  Login[line:41] - test01执行结果：成功
2019-05-30 11:48:15,147 - DEBUG -  Login[line:48] - 执行用例：用户名31位，判断最多输入30位
2019-05-30 11:48:17,496 - DEBUG -  Login[line:57] - test02执行结果：成功
2019-05-30 11:48:20,917 - DEBUG -  Login[line:63] - 执行用例：用户名30位，判断最多输入30位
2019-05-30 11:48:23,217 - DEBUG -  Login[line:72] - test03执行结果：成功
2019-05-30 11:48:26,696 - DEBUG -  Login[line:78] - 执行用例：用户名前有空格
2019-05-30 11:48:32,108 - DEBUG -  Login[line:92] - test04执行结果：成功
2019-05-30 11:48:36,322 - DEBUG -  Login[line:98] - 执行用例：用户名后有空格
2019-05-30 11:48:40,217 - DEBUG -  Login[line:112] - test05执行结果：成功
2019-05-30 11:48:44,941 - DEBUG -  Login[line:118] - 执行用例：用户名中间有空格
2019-05-30 11:48:50,398 - DEBUG -  Login[line:133] - test06执行结果：成功
2019-05-30 11:48:53,805 - DEBUG -  Login[line:140] - 执行用例：密码为空
2019-05-30 11:48:59,174 - DEBUG -  Login[line:155] - test07执行结果：成功
2019-05-30 11:49:02,509 - DEBUG -  Login[line:162] - 执行用例：密码错误
2019-05-30 11:49:07,914 - DEBUG -  Login[line:177] - test08执行结果：成功
2019-05-30 11:49:11,378 - DEBUG -  Login[line:183] - 执行用例：密码输入21位
2019-05-30 11:49:13,631 - DEBUG -  Login[line:191] - test09执行结果：成功
2019-05-30 11:49:17,115 - DEBUG -  Login[line:198] - 执行用例：密码输入20位
2019-05-30 11:49:19,440 - DEBUG -  Login[line:206] - test10执行结果：成功
2019-05-30 11:49:22,802 - DEBUG -  Login[line:214] - 执行用例：用户名正确，密码正确
2019-05-30 11:49:26,232 - DEBUG -  Login[line:228] - test11执行结果：成功
