2019-05-30 15:09:24,677 - DEBUG -  Login[line:28] - 执行用例：用户名为空，密码正确
2019-05-30 15:09:30,092 - DEBUG -  Login[line:41] - test01执行结果：成功
2019-05-30 15:09:35,420 - DEBUG -  Login[line:48] - 执行用例：用户名31位，判断最多输入30位
2019-05-30 15:09:37,736 - DEBUG -  Login[line:57] - test02执行结果：成功
2019-05-30 15:09:42,828 - DEBUG -  Login[line:63] - 执行用例：用户名30位，判断最多输入30位
2019-05-30 15:09:45,148 - DEBUG -  Login[line:72] - test03执行结果：成功
2019-05-30 15:09:50,243 - DEBUG -  Login[line:78] - 执行用例：用户名前有空格
2019-05-30 15:09:55,690 - DEBUG -  Login[line:92] - test04执行结果：成功
2019-05-30 15:10:02,595 - DEBUG -  Login[line:98] - 执行用例：用户名后有空格
2019-05-30 15:10:12,908 - DEBUG -  Login[line:122] - 执行用例：用户名中间有空格
2019-05-30 15:10:18,323 - DEBUG -  Login[line:137] - test06执行结果：成功
2019-05-30 15:10:24,823 - DEBUG -  Login[line:144] - 执行用例：密码为空
2019-05-30 15:10:30,256 - DEBUG -  Login[line:159] - test07执行结果：成功
2019-05-30 15:10:36,688 - DEBUG -  Login[line:166] - 执行用例：密码错误
2019-05-30 15:10:42,163 - DEBUG -  Login[line:181] - test08执行结果：成功
2019-05-30 15:10:47,720 - DEBUG -  Login[line:187] - 执行用例：密码输入21位
2019-05-30 15:10:49,976 - DEBUG -  Login[line:195] - test09执行结果：成功
2019-05-30 15:10:55,072 - DEBUG -  Login[line:202] - 执行用例：密码输入20位
2019-05-30 15:10:57,325 - DEBUG -  Login[line:210] - test10执行结果：成功
2019-05-30 15:11:02,737 - DEBUG -  Login[line:218] - 执行用例：用户名正确，密码正确
2019-05-30 15:11:06,207 - DEBUG -  Login[line:232] - test11执行结果：成功
