2019-05-30 10:00:40,803 - DEBUG -  Login[line:28] - 执行用例：用户名为空，密码正确
2019-05-30 10:00:46,114 - DEBUG -  Login[line:41] - test01执行结果：成功
2019-05-30 10:00:49,793 - DEBUG -  Login[line:48] - 执行用例：用户名31位，判断最多输入30位
2019-05-30 10:00:52,147 - DEBUG -  Login[line:57] - test02执行结果：成功
2019-05-30 10:00:55,677 - DEBUG -  Login[line:63] - 执行用例：用户名30位，判断最多输入30位
2019-05-30 10:00:57,934 - DEBUG -  Login[line:72] - test03执行结果：成功
2019-05-30 10:01:01,707 - DEBUG -  Login[line:78] - 执行用例：用户名前有空格
2019-05-30 10:01:07,107 - DEBUG -  Login[line:92] - test04执行结果：成功
2019-05-30 10:01:11,309 - DEBUG -  Login[line:98] - 执行用例：用户名后有空格
2019-05-30 10:01:18,953 - DEBUG -  Login[line:118] - 执行用例：用户名中间有空格
2019-05-30 10:01:24,355 - DEBUG -  Login[line:133] - test06执行结果：成功
2019-05-30 10:01:27,687 - DEBUG -  Login[line:140] - 执行用例：密码为空
2019-05-30 10:01:33,065 - DEBUG -  Login[line:155] - test07执行结果：成功
2019-05-30 10:01:36,414 - DEBUG -  Login[line:162] - 执行用例：密码错误
2019-05-30 10:01:41,818 - DEBUG -  Login[line:177] - test08执行结果：成功
2019-05-30 10:01:45,278 - DEBUG -  Login[line:183] - 执行用例：密码输入21位
2019-05-30 10:01:47,551 - DEBUG -  Login[line:191] - test09执行结果：成功
2019-05-30 10:01:50,907 - DEBUG -  Login[line:198] - 执行用例：密码输入20位
2019-05-30 10:01:53,151 - DEBUG -  Login[line:206] - test10执行结果：成功
2019-05-30 10:01:56,522 - DEBUG -  Login[line:214] - 执行用例：用户名正确，密码正确
2019-05-30 10:01:59,944 - DEBUG -  Login[line:228] - test11执行结果：成功
