2019-05-30 10:09:49,828 - DEBUG -  Login[line:28] - 执行用例：用户名为空，密码正确
2019-05-30 10:09:55,151 - DEBUG -  Login[line:41] - test01执行结果：成功
2019-05-30 10:09:58,908 - DEBUG -  Login[line:48] - 执行用例：用户名31位，判断最多输入30位
2019-05-30 10:10:01,131 - DEBUG -  Login[line:57] - test02执行结果：成功
2019-05-30 10:10:04,608 - DEBUG -  Login[line:63] - 执行用例：用户名30位，判断最多输入30位
2019-05-30 10:10:06,845 - DEBUG -  Login[line:72] - test03执行结果：成功
2019-05-30 10:10:10,368 - DEBUG -  Login[line:78] - 执行用例：用户名前有空格
2019-05-30 10:10:15,713 - DEBUG -  Login[line:92] - test04执行结果：成功
2019-05-30 10:10:19,878 - DEBUG -  Login[line:98] - 执行用例：用户名后有空格
2019-05-30 10:10:28,265 - DEBUG -  Login[line:118] - 执行用例：用户名中间有空格
2019-05-30 10:10:33,651 - DEBUG -  Login[line:133] - test06执行结果：成功
2019-05-30 10:10:37,355 - DEBUG -  Login[line:140] - 执行用例：密码为空
2019-05-30 10:10:42,648 - DEBUG -  Login[line:155] - test07执行结果：成功
2019-05-30 10:10:45,973 - DEBUG -  Login[line:162] - 执行用例：密码错误
2019-05-30 10:10:51,279 - DEBUG -  Login[line:177] - test08执行结果：成功
2019-05-30 10:10:54,825 - DEBUG -  Login[line:183] - 执行用例：密码输入21位
2019-05-30 10:10:57,000 - DEBUG -  Login[line:191] - test09执行结果：成功
2019-05-30 10:11:00,480 - DEBUG -  Login[line:198] - 执行用例：密码输入20位
2019-05-30 10:11:02,653 - DEBUG -  Login[line:206] - test10执行结果：成功
2019-05-30 10:11:06,107 - DEBUG -  Login[line:214] - 执行用例：用户名正确，密码正确
2019-05-30 10:11:09,441 - DEBUG -  Login[line:228] - test11执行结果：成功
