2019-05-30 14:41:37,520 - DEBUG -  Login[line:28] - 执行用例：用户名为空，密码正确
2019-05-30 14:41:43,020 - DEBUG -  Login[line:41] - test01执行结果：成功
2019-05-30 14:41:46,776 - DEBUG -  Login[line:48] - 执行用例：用户名31位，判断最多输入30位
2019-05-30 14:41:49,211 - DEBUG -  Login[line:57] - test02执行结果：成功
2019-05-30 14:41:52,900 - DEBUG -  Login[line:63] - 执行用例：用户名30位，判断最多输入30位
2019-05-30 14:41:55,232 - DEBUG -  Login[line:72] - test03执行结果：成功
2019-05-30 14:41:59,036 - DEBUG -  Login[line:78] - 执行用例：用户名前有空格
2019-05-30 14:42:04,500 - DEBUG -  Login[line:92] - test04执行结果：成功
2019-05-30 14:42:12,921 - DEBUG -  Login[line:98] - 执行用例：用户名后有空格
2019-05-30 14:42:16,348 - DEBUG -  Login[line:111] - test05执行结果：成功
2019-05-30 14:42:20,598 - DEBUG -  Login[line:122] - 执行用例：用户名中间有空格
2019-05-30 14:42:26,076 - DEBUG -  Login[line:137] - test06执行结果：成功
2019-05-30 14:42:33,244 - DEBUG -  Login[line:144] - 执行用例：密码为空
2019-05-30 14:42:38,667 - DEBUG -  Login[line:159] - test07执行结果：成功
2019-05-30 14:42:45,499 - DEBUG -  Login[line:166] - 执行用例：密码错误
2019-05-30 14:42:50,950 - DEBUG -  Login[line:181] - test08执行结果：成功
2019-05-30 14:42:55,240 - DEBUG -  Login[line:187] - 执行用例：密码输入21位
2019-05-30 14:42:57,532 - DEBUG -  Login[line:195] - test09执行结果：成功
2019-05-30 14:43:00,917 - DEBUG -  Login[line:202] - 执行用例：密码输入20位
2019-05-30 14:43:03,207 - DEBUG -  Login[line:210] - test10执行结果：成功
2019-05-30 14:43:11,010 - DEBUG -  Login[line:218] - 执行用例：用户名正确，密码正确
2019-05-30 14:43:16,226 - DEBUG -  Login[line:232] - test11执行结果：成功
