2019-05-30 12:32:35,344 - DEBUG -  Login[line:28] - 执行用例：用户名为空，密码正确
2019-05-30 12:32:40,769 - DEBUG -  Login[line:41] - test01执行结果：成功
2019-05-30 12:32:44,267 - DEBUG -  Login[line:48] - 执行用例：用户名31位，判断最多输入30位
2019-05-30 12:32:46,578 - DEBUG -  Login[line:57] - test02执行结果：成功
2019-05-30 12:32:50,226 - DEBUG -  Login[line:63] - 执行用例：用户名30位，判断最多输入30位
2019-05-30 12:32:52,558 - DEBUG -  Login[line:72] - test03执行结果：成功
2019-05-30 12:32:56,058 - DEBUG -  Login[line:78] - 执行用例：用户名前有空格
2019-05-30 12:33:01,483 - DEBUG -  Login[line:92] - test04执行结果：成功
2019-05-30 12:33:05,578 - DEBUG -  Login[line:98] - 执行用例：用户名后有空格
2019-05-30 12:33:08,983 - DEBUG -  Login[line:112] - test05执行结果：成功
2019-05-30 12:33:13,334 - DEBUG -  Login[line:118] - 执行用例：用户名中间有空格
2019-05-30 12:33:18,737 - DEBUG -  Login[line:133] - test06执行结果：成功
2019-05-30 12:33:22,355 - DEBUG -  Login[line:140] - 执行用例：密码为空
2019-05-30 12:33:27,776 - DEBUG -  Login[line:155] - test07执行结果：成功
2019-05-30 12:33:31,434 - DEBUG -  Login[line:162] - 执行用例：密码错误
2019-05-30 12:33:36,884 - DEBUG -  Login[line:177] - test08执行结果：成功
2019-05-30 12:33:40,428 - DEBUG -  Login[line:183] - 执行用例：密码输入21位
2019-05-30 12:33:42,701 - DEBUG -  Login[line:191] - test09执行结果：成功
2019-05-30 12:33:46,276 - DEBUG -  Login[line:198] - 执行用例：密码输入20位
2019-05-30 12:33:48,530 - DEBUG -  Login[line:206] - test10执行结果：成功
2019-05-30 12:33:52,086 - DEBUG -  Login[line:214] - 执行用例：用户名正确，密码正确
2019-05-30 12:33:55,510 - DEBUG -  Login[line:228] - test11执行结果：成功
