2019-05-30 16:01:23,815 - DEBUG -  Login[line:28] - 执行用例：用户名为空，密码正确
2019-05-30 16:01:29,174 - DEBUG -  Login[line:41] - test01执行结果：成功
2019-05-30 16:01:32,654 - DEBUG -  Login[line:48] - 执行用例：用户名31位，判断最多输入30位
2019-05-30 16:01:34,924 - DEBUG -  Login[line:57] - test02执行结果：成功
2019-05-30 16:01:38,605 - DEBUG -  Login[line:63] - 执行用例：用户名30位，判断最多输入30位
2019-05-30 16:01:40,875 - DEBUG -  Login[line:72] - test03执行结果：成功
2019-05-30 16:01:44,219 - DEBUG -  Login[line:78] - 执行用例：用户名前有空格
2019-05-30 16:01:49,562 - DEBUG -  Login[line:92] - test04执行结果：成功
2019-05-30 16:01:53,607 - DEBUG -  Login[line:98] - 执行用例：用户名后有空格
2019-05-30 16:01:56,967 - DEBUG -  Login[line:111] - test05执行结果：成功
2019-05-30 16:02:01,151 - DEBUG -  Login[line:122] - 执行用例：用户名中间有空格
2019-05-30 16:02:06,516 - DEBUG -  Login[line:137] - test06执行结果：成功
2019-05-30 16:02:09,987 - DEBUG -  Login[line:144] - 执行用例：密码为空
2019-05-30 16:02:15,302 - DEBUG -  Login[line:159] - test07执行结果：成功
2019-05-30 16:02:18,657 - DEBUG -  Login[line:166] - 执行用例：密码错误
2019-05-30 16:02:24,022 - DEBUG -  Login[line:181] - test08执行结果：成功
2019-05-30 16:02:27,494 - DEBUG -  Login[line:187] - 执行用例：密码输入21位
2019-05-30 16:02:29,742 - DEBUG -  Login[line:195] - test09执行结果：成功
2019-05-30 16:02:33,243 - DEBUG -  Login[line:202] - 执行用例：密码输入20位
2019-05-30 16:02:35,466 - DEBUG -  Login[line:210] - test10执行结果：成功
2019-05-30 16:02:38,809 - DEBUG -  Login[line:218] - 执行用例：用户名正确，密码正确
2019-05-30 16:02:42,141 - DEBUG -  Login[line:232] - test11执行结果：成功
