2019-05-30 13:42:24,009 - DEBUG -  Login[line:28] - 执行用例：用户名为空，密码正确
2019-05-30 13:42:29,382 - DEBUG -  Login[line:41] - test01执行结果：成功
2019-05-30 13:42:32,946 - DEBUG -  Login[line:48] - 执行用例：用户名31位，判断最多输入30位
2019-05-30 13:42:35,278 - DEBUG -  Login[line:57] - test02执行结果：成功
2019-05-30 13:42:38,704 - DEBUG -  Login[line:63] - 执行用例：用户名30位，判断最多输入30位
2019-05-30 13:42:40,966 - DEBUG -  Login[line:72] - test03执行结果：成功
2019-05-30 13:42:44,520 - DEBUG -  Login[line:78] - 执行用例：用户名前有空格
2019-05-30 13:42:49,921 - DEBUG -  Login[line:92] - test04执行结果：成功
2019-05-30 13:42:54,119 - DEBUG -  Login[line:98] - 执行用例：用户名后有空格
2019-05-30 13:43:02,250 - DEBUG -  Login[line:118] - 执行用例：用户名中间有空格
2019-05-30 13:43:07,687 - DEBUG -  Login[line:133] - test06执行结果：成功
2019-05-30 13:43:11,026 - DEBUG -  Login[line:140] - 执行用例：密码为空
2019-05-30 13:43:16,484 - DEBUG -  Login[line:155] - test07执行结果：成功
2019-05-30 13:43:19,891 - DEBUG -  Login[line:162] - 执行用例：密码错误
2019-05-30 13:43:25,361 - DEBUG -  Login[line:177] - test08执行结果：成功
2019-05-30 13:43:29,851 - DEBUG -  Login[line:183] - 执行用例：密码输入21位
2019-05-30 13:43:32,105 - DEBUG -  Login[line:191] - test09执行结果：成功
2019-05-30 13:43:35,561 - DEBUG -  Login[line:198] - 执行用例：密码输入20位
2019-05-30 13:43:37,812 - DEBUG -  Login[line:206] - test10执行结果：成功
2019-05-30 13:43:41,451 - DEBUG -  Login[line:214] - 执行用例：用户名正确，密码正确
2019-05-30 13:43:44,907 - DEBUG -  Login[line:228] - test11执行结果：成功
