2019-05-30 14:19:49,594 - DEBUG -  Login[line:28] - 执行用例：用户名为空，密码正确
2019-05-30 14:19:55,081 - DEBUG -  Login[line:41] - test01执行结果：成功
2019-05-30 14:20:00,173 - DEBUG -  Login[line:48] - 执行用例：用户名31位，判断最多输入30位
2019-05-30 14:20:02,763 - DEBUG -  Login[line:57] - test02执行结果：成功
2019-05-30 14:20:10,841 - DEBUG -  Login[line:63] - 执行用例：用户名30位，判断最多输入30位
2019-05-30 14:20:13,134 - DEBUG -  Login[line:72] - test03执行结果：成功
2019-05-30 14:20:18,275 - DEBUG -  Login[line:78] - 执行用例：用户名前有空格
2019-05-30 14:20:23,706 - DEBUG -  Login[line:92] - test04执行结果：成功
2019-05-30 14:20:28,506 - DEBUG -  Login[line:98] - 执行用例：用户名后有空格
2019-05-30 14:20:37,779 - DEBUG -  Login[line:122] - 执行用例：用户名中间有空格
2019-05-30 14:20:43,246 - DEBUG -  Login[line:137] - test06执行结果：成功
2019-05-30 14:20:47,447 - DEBUG -  Login[line:144] - 执行用例：密码为空
2019-05-30 14:20:52,862 - DEBUG -  Login[line:159] - test07执行结果：成功
2019-05-30 14:20:58,851 - DEBUG -  Login[line:166] - 执行用例：密码错误
2019-05-30 14:21:04,309 - DEBUG -  Login[line:181] - test08执行结果：成功
2019-05-30 14:21:07,823 - DEBUG -  Login[line:187] - 执行用例：密码输入21位
2019-05-30 14:21:10,094 - DEBUG -  Login[line:195] - test09执行结果：成功
2019-05-30 14:21:19,749 - DEBUG -  Login[line:202] - 执行用例：密码输入20位
2019-05-30 14:21:22,013 - DEBUG -  Login[line:210] - test10执行结果：成功
2019-05-30 14:21:25,483 - DEBUG -  Login[line:218] - 执行用例：用户名正确，密码正确
2019-05-30 14:21:28,888 - DEBUG -  Login[line:232] - test11执行结果：成功
