2019-05-30 11:58:09,155 - DEBUG -  Login[line:28] - 执行用例：用户名为空，密码正确
2019-05-30 11:58:14,526 - DEBUG -  Login[line:41] - test01执行结果：成功
2019-05-30 11:58:18,013 - DEBUG -  Login[line:48] - 执行用例：用户名31位，判断最多输入30位
2019-05-30 11:58:20,312 - DEBUG -  Login[line:57] - test02执行结果：成功
2019-05-30 11:58:24,096 - DEBUG -  Login[line:63] - 执行用例：用户名30位，判断最多输入30位
2019-05-30 11:58:26,420 - DEBUG -  Login[line:72] - test03执行结果：成功
2019-05-30 11:58:30,058 - DEBUG -  Login[line:78] - 执行用例：用户名前有空格
2019-05-30 11:58:35,459 - DEBUG -  Login[line:92] - test04执行结果：成功
2019-05-30 11:58:39,530 - DEBUG -  Login[line:98] - 执行用例：用户名后有空格
2019-05-30 11:58:42,921 - DEBUG -  Login[line:112] - test05执行结果：成功
2019-05-30 11:58:47,073 - DEBUG -  Login[line:118] - 执行用例：用户名中间有空格
2019-05-30 11:58:52,579 - DEBUG -  Login[line:133] - test06执行结果：成功
2019-05-30 11:58:56,088 - DEBUG -  Login[line:140] - 执行用例：密码为空
2019-05-30 11:59:01,539 - DEBUG -  Login[line:155] - test07执行结果：成功
2019-05-30 11:59:05,075 - DEBUG -  Login[line:162] - 执行用例：密码错误
2019-05-30 11:59:10,526 - DEBUG -  Login[line:177] - test08执行结果：成功
2019-05-30 11:59:14,193 - DEBUG -  Login[line:183] - 执行用例：密码输入21位
2019-05-30 11:59:16,450 - DEBUG -  Login[line:191] - test09执行结果：成功
2019-05-30 11:59:19,982 - DEBUG -  Login[line:198] - 执行用例：密码输入20位
2019-05-30 11:59:22,219 - DEBUG -  Login[line:206] - test10执行结果：成功
2019-05-30 11:59:25,720 - DEBUG -  Login[line:214] - 执行用例：用户名正确，密码正确
2019-05-30 11:59:29,200 - DEBUG -  Login[line:228] - test11执行结果：成功
