2019-05-30 10:14:20,624 - DEBUG -  Login[line:28] - 执行用例：用户名为空，密码正确
2019-05-30 10:14:26,046 - DEBUG -  Login[line:41] - test01执行结果：成功
2019-05-30 10:14:29,546 - DEBUG -  Login[line:48] - 执行用例：用户名31位，判断最多输入30位
2019-05-30 10:14:31,861 - DEBUG -  Login[line:57] - test02执行结果：成功
2019-05-30 10:14:35,270 - DEBUG -  Login[line:63] - 执行用例：用户名30位，判断最多输入30位
2019-05-30 10:14:37,568 - DEBUG -  Login[line:72] - test03执行结果：成功
2019-05-30 10:14:41,188 - DEBUG -  Login[line:78] - 执行用例：用户名前有空格
2019-05-30 10:14:46,571 - DEBUG -  Login[line:92] - test04执行结果：成功
2019-05-30 10:14:50,875 - DEBUG -  Login[line:98] - 执行用例：用户名后有空格
2019-05-30 10:14:58,809 - DEBUG -  Login[line:118] - 执行用例：用户名中间有空格
2019-05-30 10:15:04,242 - DEBUG -  Login[line:133] - test06执行结果：成功
2019-05-30 10:15:07,680 - DEBUG -  Login[line:140] - 执行用例：密码为空
2019-05-30 10:15:13,096 - DEBUG -  Login[line:155] - test07执行结果：成功
2019-05-30 10:15:16,451 - DEBUG -  Login[line:162] - 执行用例：密码错误
2019-05-30 10:15:21,888 - DEBUG -  Login[line:177] - test08执行结果：成功
2019-05-30 10:15:26,364 - DEBUG -  Login[line:183] - 执行用例：密码输入21位
2019-05-30 10:15:28,634 - DEBUG -  Login[line:191] - test09执行结果：成功
2019-05-30 10:15:32,013 - DEBUG -  Login[line:198] - 执行用例：密码输入20位
2019-05-30 10:15:34,299 - DEBUG -  Login[line:206] - test10执行结果：成功
2019-05-30 10:15:37,805 - DEBUG -  Login[line:214] - 执行用例：用户名正确，密码正确
2019-05-30 10:15:41,256 - DEBUG -  Login[line:228] - test11执行结果：成功
