2019-05-30 13:11:47,339 - DEBUG -  Login[line:28] - 执行用例：用户名为空，密码正确
2019-05-30 13:11:52,714 - DEBUG -  Login[line:41] - test01执行结果：成功
2019-05-30 13:11:56,329 - DEBUG -  Login[line:48] - 执行用例：用户名31位，判断最多输入30位
2019-05-30 13:11:58,644 - DEBUG -  Login[line:57] - test02执行结果：成功
2019-05-30 13:12:02,224 - DEBUG -  Login[line:63] - 执行用例：用户名30位，判断最多输入30位
2019-05-30 13:12:04,507 - DEBUG -  Login[line:72] - test03执行结果：成功
2019-05-30 13:12:07,920 - DEBUG -  Login[line:78] - 执行用例：用户名前有空格
2019-05-30 13:12:13,332 - DEBUG -  Login[line:92] - test04执行结果：成功
2019-05-30 13:12:17,617 - DEBUG -  Login[line:98] - 执行用例：用户名后有空格
2019-05-30 13:12:25,204 - DEBUG -  Login[line:118] - 执行用例：用户名中间有空格
2019-05-30 13:12:30,602 - DEBUG -  Login[line:133] - test06执行结果：成功
2019-05-30 13:12:34,092 - DEBUG -  Login[line:140] - 执行用例：密码为空
2019-05-30 13:12:39,466 - DEBUG -  Login[line:155] - test07执行结果：成功
2019-05-30 13:12:42,798 - DEBUG -  Login[line:162] - 执行用例：密码错误
2019-05-30 13:12:48,190 - DEBUG -  Login[line:177] - test08执行结果：成功
2019-05-30 13:12:51,750 - DEBUG -  Login[line:183] - 执行用例：密码输入21位
2019-05-30 13:12:53,963 - DEBUG -  Login[line:191] - test09执行结果：成功
2019-05-30 13:12:58,371 - DEBUG -  Login[line:198] - 执行用例：密码输入20位
2019-05-30 13:13:00,611 - DEBUG -  Login[line:206] - test10执行结果：成功
2019-05-30 13:13:10,744 - DEBUG -  Login[line:214] - 执行用例：用户名正确，密码正确
2019-05-30 13:13:14,151 - DEBUG -  Login[line:228] - test11执行结果：成功
