2019-05-30 12:35:46,151 - DEBUG -  Login[line:28] - 执行用例：用户名为空，密码正确
2019-05-30 12:35:51,480 - DEBUG -  Login[line:41] - test01执行结果：成功
2019-05-30 12:35:55,009 - DEBUG -  Login[line:48] - 执行用例：用户名31位，判断最多输入30位
2019-05-30 12:35:57,263 - DEBUG -  Login[line:57] - test02执行结果：成功
2019-05-30 12:36:01,436 - DEBUG -  Login[line:63] - 执行用例：用户名30位，判断最多输入30位
2019-05-30 12:36:03,668 - DEBUG -  Login[line:72] - test03执行结果：成功
2019-05-30 12:36:07,752 - DEBUG -  Login[line:78] - 执行用例：用户名前有空格
2019-05-30 12:36:13,078 - DEBUG -  Login[line:92] - test04执行结果：成功
2019-05-30 12:36:22,154 - DEBUG -  Login[line:98] - 执行用例：用户名后有空格
2019-05-30 12:36:28,529 - DEBUG -  Login[line:114] - test05执行结果：失败
2019-05-30 12:36:28,529 - DEBUG -  Login[line:115] - 登录成功
2019-05-30 12:36:28,908 - DEBUG -  common_method.common_def[line:46] - Had take screenshot and save to folder : /picture
2019-05-30 12:36:33,250 - DEBUG -  Login[line:118] - 执行用例：用户名中间有空格
2019-05-30 12:36:38,628 - DEBUG -  Login[line:133] - test06执行结果：成功
2019-05-30 12:36:45,552 - DEBUG -  Login[line:140] - 执行用例：密码为空
2019-05-30 12:36:50,940 - DEBUG -  Login[line:155] - test07执行结果：成功
2019-05-30 12:37:01,448 - DEBUG -  Login[line:162] - 执行用例：密码错误
2019-05-30 12:37:06,821 - DEBUG -  Login[line:177] - test08执行结果：成功
2019-05-30 12:37:10,223 - DEBUG -  Login[line:183] - 执行用例：密码输入21位
2019-05-30 12:37:12,407 - DEBUG -  Login[line:191] - test09执行结果：成功
2019-05-30 12:37:15,782 - DEBUG -  Login[line:198] - 执行用例：密码输入20位
2019-05-30 12:37:17,994 - DEBUG -  Login[line:206] - test10执行结果：成功
2019-05-30 12:37:28,065 - DEBUG -  Login[line:214] - 执行用例：用户名正确，密码正确
2019-05-30 12:37:31,410 - DEBUG -  Login[line:228] - test11执行结果：成功
