2019-05-30 12:02:45,217 - DEBUG -  Login[line:28] - 执行用例：用户名为空，密码正确
2019-05-30 12:02:50,598 - DEBUG -  Login[line:41] - test01执行结果：成功
2019-05-30 12:02:55,568 - DEBUG -  Login[line:48] - 执行用例：用户名31位，判断最多输入30位
2019-05-30 12:02:57,891 - DEBUG -  Login[line:57] - test02执行结果：成功
2019-05-30 12:03:01,667 - DEBUG -  Login[line:63] - 执行用例：用户名30位，判断最多输入30位
2019-05-30 12:03:03,983 - DEBUG -  Login[line:72] - test03执行结果：成功
2019-05-30 12:03:07,477 - DEBUG -  Login[line:78] - 执行用例：用户名前有空格
2019-05-30 12:03:12,867 - DEBUG -  Login[line:92] - test04执行结果：成功
2019-05-30 12:03:21,381 - DEBUG -  Login[line:98] - 执行用例：用户名后有空格
2019-05-30 12:03:29,634 - DEBUG -  Login[line:118] - 执行用例：用户名中间有空格
2019-05-30 12:03:35,052 - DEBUG -  Login[line:133] - test06执行结果：成功
2019-05-30 12:03:38,592 - DEBUG -  Login[line:140] - 执行用例：密码为空
2019-05-30 12:03:44,002 - DEBUG -  Login[line:155] - test07执行结果：成功
2019-05-30 12:03:47,594 - DEBUG -  Login[line:162] - 执行用例：密码错误
2019-05-30 12:03:52,993 - DEBUG -  Login[line:177] - test08执行结果：成功
2019-05-30 12:03:56,361 - DEBUG -  Login[line:183] - 执行用例：密码输入21位
2019-05-30 12:03:58,615 - DEBUG -  Login[line:191] - test09执行结果：成功
2019-05-30 12:04:02,108 - DEBUG -  Login[line:198] - 执行用例：密码输入20位
2019-05-30 12:04:04,302 - DEBUG -  Login[line:206] - test10执行结果：成功
2019-05-30 12:04:07,667 - DEBUG -  Login[line:214] - 执行用例：用户名正确，密码正确
2019-05-30 12:04:11,029 - DEBUG -  Login[line:228] - test11执行结果：成功
