2019-05-30 12:29:17,384 - DEBUG -  Login[line:28] - 执行用例：用户名为空，密码正确
2019-05-30 12:29:23,009 - DEBUG -  Login[line:41] - test01执行结果：成功
2019-05-30 12:29:26,641 - DEBUG -  Login[line:48] - 执行用例：用户名31位，判断最多输入30位
2019-05-30 12:29:29,065 - DEBUG -  Login[line:57] - test02执行结果：成功
2019-05-30 12:29:32,523 - DEBUG -  Login[line:63] - 执行用例：用户名30位，判断最多输入30位
2019-05-30 12:29:34,851 - DEBUG -  Login[line:72] - test03执行结果：成功
2019-05-30 12:29:38,644 - DEBUG -  Login[line:78] - 执行用例：用户名前有空格
2019-05-30 12:29:44,088 - DEBUG -  Login[line:92] - test04执行结果：成功
2019-05-30 12:29:48,447 - DEBUG -  Login[line:98] - 执行用例：用户名后有空格
2019-05-30 12:29:56,392 - DEBUG -  Login[line:118] - 执行用例：用户名中间有空格
2019-05-30 12:30:01,818 - DEBUG -  Login[line:133] - test06执行结果：成功
2019-05-30 12:30:08,930 - DEBUG -  Login[line:140] - 执行用例：密码为空
2019-05-30 12:30:14,319 - DEBUG -  Login[line:155] - test07执行结果：成功
2019-05-30 12:30:18,147 - DEBUG -  Login[line:162] - 执行用例：密码错误
2019-05-30 12:30:23,559 - DEBUG -  Login[line:177] - test08执行结果：成功
2019-05-30 12:30:27,052 - DEBUG -  Login[line:183] - 执行用例：密码输入21位
2019-05-30 12:30:29,316 - DEBUG -  Login[line:191] - test09执行结果：成功
2019-05-30 12:30:33,678 - DEBUG -  Login[line:198] - 执行用例：密码输入20位
2019-05-30 12:30:35,948 - DEBUG -  Login[line:206] - test10执行结果：成功
2019-05-30 12:30:43,855 - DEBUG -  Login[line:214] - 执行用例：用户名正确，密码正确
2019-05-30 12:30:47,280 - DEBUG -  Login[line:228] - test11执行结果：成功
