2019-05-30 13:15:07,803 - DEBUG -  Login[line:28] - 执行用例：用户名为空，密码正确
2019-05-30 13:15:13,210 - DEBUG -  Login[line:41] - test01执行结果：成功
2019-05-30 13:15:16,948 - DEBUG -  Login[line:48] - 执行用例：用户名31位，判断最多输入30位
2019-05-30 13:15:19,292 - DEBUG -  Login[line:57] - test02执行结果：成功
2019-05-30 13:15:22,720 - DEBUG -  Login[line:63] - 执行用例：用户名30位，判断最多输入30位
2019-05-30 13:15:25,052 - DEBUG -  Login[line:72] - test03执行结果：成功
2019-05-30 13:15:29,473 - DEBUG -  Login[line:78] - 执行用例：用户名前有空格
2019-05-30 13:15:34,905 - DEBUG -  Login[line:92] - test04执行结果：成功
2019-05-30 13:15:43,276 - DEBUG -  Login[line:98] - 执行用例：用户名后有空格
2019-05-30 13:15:52,259 - DEBUG -  Login[line:118] - 执行用例：用户名中间有空格
2019-05-30 13:15:57,733 - DEBUG -  Login[line:133] - test06执行结果：成功
2019-05-30 13:16:04,477 - DEBUG -  Login[line:140] - 执行用例：密码为空
2019-05-30 13:16:09,953 - DEBUG -  Login[line:155] - test07执行结果：成功
2019-05-30 13:16:13,394 - DEBUG -  Login[line:162] - 执行用例：密码错误
2019-05-30 13:16:18,882 - DEBUG -  Login[line:177] - test08执行结果：成功
2019-05-30 13:16:22,355 - DEBUG -  Login[line:183] - 执行用例：密码输入21位
2019-05-30 13:16:24,634 - DEBUG -  Login[line:191] - test09执行结果：成功
2019-05-30 13:16:31,344 - DEBUG -  Login[line:198] - 执行用例：密码输入20位
2019-05-30 13:16:33,592 - DEBUG -  Login[line:206] - test10执行结果：成功
2019-05-30 13:16:37,107 - DEBUG -  Login[line:214] - 执行用例：用户名正确，密码正确
2019-05-30 13:16:40,591 - DEBUG -  Login[line:228] - test11执行结果：成功
