2019-05-30 15:06:42,861 - DEBUG -  Login[line:28] - 执行用例：用户名为空，密码正确
2019-05-30 15:06:48,247 - DEBUG -  Login[line:41] - test01执行结果：成功
2019-05-30 15:06:52,118 - DEBUG -  Login[line:48] - 执行用例：用户名31位，判断最多输入30位
2019-05-30 15:06:54,427 - DEBUG -  Login[line:57] - test02执行结果：成功
2019-05-30 15:06:58,394 - DEBUG -  Login[line:63] - 执行用例：用户名30位，判断最多输入30位
2019-05-30 15:07:00,742 - DEBUG -  Login[line:72] - test03执行结果：成功
2019-05-30 15:07:04,243 - DEBUG -  Login[line:78] - 执行用例：用户名前有空格
2019-05-30 15:07:09,753 - DEBUG -  Login[line:92] - test04执行结果：成功
2019-05-30 15:07:14,092 - DEBUG -  Login[line:98] - 执行用例：用户名后有空格
2019-05-30 15:07:23,641 - DEBUG -  Login[line:122] - 执行用例：用户名中间有空格
2019-05-30 15:07:29,135 - DEBUG -  Login[line:137] - test06执行结果：成功
2019-05-30 15:07:34,657 - DEBUG -  Login[line:144] - 执行用例：密码为空
2019-05-30 15:07:40,065 - DEBUG -  Login[line:159] - test07执行结果：成功
2019-05-30 15:07:45,625 - DEBUG -  Login[line:166] - 执行用例：密码错误
2019-05-30 15:07:51,065 - DEBUG -  Login[line:181] - test08执行结果：成功
2019-05-30 15:07:54,710 - DEBUG -  Login[line:187] - 执行用例：密码输入21位
2019-05-30 15:07:57,009 - DEBUG -  Login[line:195] - test09执行结果：成功
2019-05-30 15:08:00,459 - DEBUG -  Login[line:202] - 执行用例：密码输入20位
2019-05-30 15:08:02,742 - DEBUG -  Login[line:210] - test10执行结果：成功
2019-05-30 15:08:06,003 - DEBUG -  Login[line:218] - 执行用例：用户名正确，密码正确
2019-05-30 15:08:09,470 - DEBUG -  Login[line:232] - test11执行结果：成功
