2019-05-30 13:51:19,627 - DEBUG -  Login[line:28] - 执行用例：用户名为空，密码正确
2019-05-30 13:51:24,980 - DEBUG -  Login[line:41] - test01执行结果：成功
2019-05-30 13:51:28,596 - DEBUG -  Login[line:48] - 执行用例：用户名31位，判断最多输入30位
2019-05-30 13:51:30,888 - DEBUG -  Login[line:57] - test02执行结果：成功
2019-05-30 13:51:34,440 - DEBUG -  Login[line:63] - 执行用例：用户名30位，判断最多输入30位
2019-05-30 13:51:36,658 - DEBUG -  Login[line:72] - test03执行结果：成功
2019-05-30 13:51:40,164 - DEBUG -  Login[line:78] - 执行用例：用户名前有空格
2019-05-30 13:51:45,529 - DEBUG -  Login[line:92] - test04执行结果：成功
2019-05-30 13:51:49,644 - DEBUG -  Login[line:98] - 执行用例：用户名后有空格
2019-05-30 13:52:02,619 - DEBUG -  Login[line:122] - 执行用例：用户名中间有空格
2019-05-30 13:52:08,006 - DEBUG -  Login[line:137] - test06执行结果：成功
2019-05-30 13:52:15,124 - DEBUG -  Login[line:144] - 执行用例：密码为空
2019-05-30 13:52:20,523 - DEBUG -  Login[line:159] - test07执行结果：成功
2019-05-30 13:52:24,032 - DEBUG -  Login[line:166] - 执行用例：密码错误
2019-05-30 13:52:29,374 - DEBUG -  Login[line:181] - test08执行结果：成功
2019-05-30 13:52:32,733 - DEBUG -  Login[line:187] - 执行用例：密码输入21位
2019-05-30 13:52:34,930 - DEBUG -  Login[line:195] - test09执行结果：成功
2019-05-30 13:52:38,302 - DEBUG -  Login[line:202] - 执行用例：密码输入20位
2019-05-30 13:52:40,499 - DEBUG -  Login[line:210] - test10执行结果：成功
2019-05-30 13:52:43,967 - DEBUG -  Login[line:218] - 执行用例：用户名正确，密码正确
2019-05-30 13:52:47,325 - DEBUG -  Login[line:232] - test11执行结果：成功
