2019-05-30 14:59:15,691 - DEBUG -  Login[line:28] - 执行用例：用户名为空，密码正确
2019-05-30 14:59:21,040 - DEBUG -  Login[line:41] - test01执行结果：成功
2019-05-30 14:59:24,529 - DEBUG -  Login[line:48] - 执行用例：用户名31位，判断最多输入30位
2019-05-30 14:59:26,838 - DEBUG -  Login[line:57] - test02执行结果：成功
2019-05-30 14:59:30,372 - DEBUG -  Login[line:63] - 执行用例：用户名30位，判断最多输入30位
2019-05-30 14:59:32,647 - DEBUG -  Login[line:72] - test03执行结果：成功
2019-05-30 14:59:36,282 - DEBUG -  Login[line:78] - 执行用例：用户名前有空格
2019-05-30 14:59:41,684 - DEBUG -  Login[line:92] - test04执行结果：成功
2019-05-30 14:59:45,828 - DEBUG -  Login[line:98] - 执行用例：用户名后有空格
2019-05-30 14:59:54,005 - DEBUG -  Login[line:122] - 执行用例：用户名中间有空格
2019-05-30 14:59:59,348 - DEBUG -  Login[line:137] - test06执行结果：成功
2019-05-30 15:00:02,809 - DEBUG -  Login[line:144] - 执行用例：密码为空
2019-05-30 15:00:08,157 - DEBUG -  Login[line:159] - test07执行结果：成功
2019-05-30 15:00:11,713 - DEBUG -  Login[line:166] - 执行用例：密码错误
2019-05-30 15:00:17,141 - DEBUG -  Login[line:181] - test08执行结果：成功
2019-05-30 15:00:20,526 - DEBUG -  Login[line:187] - 执行用例：密码输入21位
2019-05-30 15:00:22,776 - DEBUG -  Login[line:195] - test09执行结果：成功
2019-05-30 15:00:26,305 - DEBUG -  Login[line:202] - 执行用例：密码输入20位
2019-05-30 15:00:28,529 - DEBUG -  Login[line:210] - test10执行结果：成功
2019-05-30 15:00:32,073 - DEBUG -  Login[line:218] - 执行用例：用户名正确，密码正确
2019-05-30 15:00:35,428 - DEBUG -  Login[line:232] - test11执行结果：成功
