2019-05-30 15:55:39,130 - DEBUG -  Login[line:28] - 执行用例：用户名为空，密码正确
2019-05-30 15:55:44,572 - DEBUG -  Login[line:41] - test01执行结果：成功
2019-05-30 15:55:48,058 - DEBUG -  Login[line:48] - 执行用例：用户名31位，判断最多输入30位
2019-05-30 15:55:50,411 - DEBUG -  Login[line:57] - test02执行结果：成功
2019-05-30 15:55:53,852 - DEBUG -  Login[line:63] - 执行用例：用户名30位，判断最多输入30位
2019-05-30 15:55:56,184 - DEBUG -  Login[line:72] - test03执行结果：成功
2019-05-30 15:55:59,562 - DEBUG -  Login[line:78] - 执行用例：用户名前有空格
2019-05-30 15:56:05,032 - DEBUG -  Login[line:92] - test04执行结果：成功
2019-05-30 15:56:08,964 - DEBUG -  Login[line:98] - 执行用例：用户名后有空格
2019-05-30 15:56:12,838 - DEBUG -  Login[line:111] - test05执行结果：成功
2019-05-30 15:56:16,888 - DEBUG -  Login[line:122] - 执行用例：用户名中间有空格
2019-05-30 15:56:22,357 - DEBUG -  Login[line:137] - test06执行结果：成功
2019-05-30 15:56:25,884 - DEBUG -  Login[line:144] - 执行用例：密码为空
2019-05-30 15:56:31,309 - DEBUG -  Login[line:159] - test07执行结果：成功
2019-05-30 15:56:34,714 - DEBUG -  Login[line:166] - 执行用例：密码错误
2019-05-30 15:56:40,237 - DEBUG -  Login[line:181] - test08执行结果：成功
2019-05-30 15:56:45,726 - DEBUG -  Login[line:187] - 执行用例：密码输入21位
2019-05-30 15:56:48,062 - DEBUG -  Login[line:195] - test09执行结果：成功
2019-05-30 15:56:57,763 - DEBUG -  Login[line:202] - 执行用例：密码输入20位
2019-05-30 15:57:00,052 - DEBUG -  Login[line:210] - test10执行结果：成功
2019-05-30 15:57:03,509 - DEBUG -  Login[line:218] - 执行用例：用户名正确，密码正确
2019-05-30 15:57:06,947 - DEBUG -  Login[line:232] - test11执行结果：成功
